[2021-04-08 10:21:36,413] [p22960] [d:\ai\3d face reconstruction\ffd_face\train_ffd_pose_vertex_lm.py:87] [INFO] workers: 8
[2021-04-08 10:21:36,414] [p22960] [d:\ai\3d face reconstruction\ffd_face\train_ffd_pose_vertex_lm.py:87] [INFO] epochs: 50
[2021-04-08 10:21:36,414] [p22960] [d:\ai\3d face reconstruction\ffd_face\train_ffd_pose_vertex_lm.py:87] [INFO] start_epoch: 1
[2021-04-08 10:21:36,415] [p22960] [d:\ai\3d face reconstruction\ffd_face\train_ffd_pose_vertex_lm.py:87] [INFO] batch_size: 64
[2021-04-08 10:21:36,415] [p22960] [d:\ai\3d face reconstruction\ffd_face\train_ffd_pose_vertex_lm.py:87] [INFO] val_batch_size: 64
[2021-04-08 10:21:36,415] [p22960] [d:\ai\3d face reconstruction\ffd_face\train_ffd_pose_vertex_lm.py:87] [INFO] base_lr: 0.001
[2021-04-08 10:21:36,416] [p22960] [d:\ai\3d face reconstruction\ffd_face\train_ffd_pose_vertex_lm.py:87] [INFO] weight_decay: 0.0001
[2021-04-08 10:21:36,416] [p22960] [d:\ai\3d face reconstruction\ffd_face\train_ffd_pose_vertex_lm.py:87] [INFO] print_freq: 1000
[2021-04-08 10:21:36,416] [p22960] [d:\ai\3d face reconstruction\ffd_face\train_ffd_pose_vertex_lm.py:87] [INFO] resume: 
[2021-04-08 10:21:36,417] [p22960] [d:\ai\3d face reconstruction\ffd_face\train_ffd_pose_vertex_lm.py:87] [INFO] devices_id: [0]
[2021-04-08 10:21:36,417] [p22960] [d:\ai\3d face reconstruction\ffd_face\train_ffd_pose_vertex_lm.py:87] [INFO] filelists_train: train.configs/train_aug_120x120.list.train
[2021-04-08 10:21:36,417] [p22960] [d:\ai\3d face reconstruction\ffd_face\train_ffd_pose_vertex_lm.py:87] [INFO] filelists_val: train.configs/train_aug_120x120.list.val
[2021-04-08 10:21:36,418] [p22960] [d:\ai\3d face reconstruction\ffd_face\train_ffd_pose_vertex_lm.py:87] [INFO] root: ../Datasets/train_aug_120x120
[2021-04-08 10:21:36,418] [p22960] [d:\ai\3d face reconstruction\ffd_face\train_ffd_pose_vertex_lm.py:87] [INFO] snapshot: snapshot/ffd_resnet_gtpose_vertex_lm_ratio
[2021-04-08 10:21:36,418] [p22960] [d:\ai\3d face reconstruction\ffd_face\train_ffd_pose_vertex_lm.py:87] [INFO] log_file: training/logs/ffd_resnet_gtpose_vertex_lm_ratio_210408.log
[2021-04-08 10:21:36,419] [p22960] [d:\ai\3d face reconstruction\ffd_face\train_ffd_pose_vertex_lm.py:87] [INFO] log_mode: w
[2021-04-08 10:21:36,419] [p22960] [d:\ai\3d face reconstruction\ffd_face\train_ffd_pose_vertex_lm.py:87] [INFO] dimensions: 3, 6, 3
[2021-04-08 10:21:36,419] [p22960] [d:\ai\3d face reconstruction\ffd_face\train_ffd_pose_vertex_lm.py:87] [INFO] param_classes: 348
[2021-04-08 10:21:36,419] [p22960] [d:\ai\3d face reconstruction\ffd_face\train_ffd_pose_vertex_lm.py:87] [INFO] arch: resnet
[2021-04-08 10:21:36,420] [p22960] [d:\ai\3d face reconstruction\ffd_face\train_ffd_pose_vertex_lm.py:87] [INFO] optimizer: adam
[2021-04-08 10:21:36,420] [p22960] [d:\ai\3d face reconstruction\ffd_face\train_ffd_pose_vertex_lm.py:87] [INFO] milestones: [30, 40]
[2021-04-08 10:21:36,420] [p22960] [d:\ai\3d face reconstruction\ffd_face\train_ffd_pose_vertex_lm.py:87] [INFO] test_initial: False
[2021-04-08 10:21:36,421] [p22960] [d:\ai\3d face reconstruction\ffd_face\train_ffd_pose_vertex_lm.py:87] [INFO] warmup: 5
[2021-04-08 10:21:36,421] [p22960] [d:\ai\3d face reconstruction\ffd_face\train_ffd_pose_vertex_lm.py:87] [INFO] param_fp_train: train.configs/param_all_full_norm.pkl
[2021-04-08 10:21:36,421] [p22960] [d:\ai\3d face reconstruction\ffd_face\train_ffd_pose_vertex_lm.py:87] [INFO] param_fp_val: train.configs/param_all_val_full_norm.pkl
[2021-04-08 10:21:36,422] [p22960] [d:\ai\3d face reconstruction\ffd_face\train_ffd_pose_vertex_lm.py:87] [INFO] source_mesh: 300w-lp mean shape
[2021-04-08 10:21:36,422] [p22960] [d:\ai\3d face reconstruction\ffd_face\train_ffd_pose_vertex_lm.py:87] [INFO] loss: pose_vdc_lm_mse
[2021-04-08 10:21:36,422] [p22960] [d:\ai\3d face reconstruction\ffd_face\train_ffd_pose_vertex_lm.py:87] [INFO] weights: [0.2, 0.5, 0.12, 0.12, 0.06, 0.06, 0.06, 0.06, 0.06, 0.06, 0.09]
